<?xml version="1.0" encoding="UTF-8"?>
<!-- Generated by org.testng.reporters.JUnitReportReporter -->
<testsuite hostname="PROBOOK" failures="0" tests="4" name="database.myTestCase" time="7.753" errors="0" timestamp="2024-06-25T21:06:19 EET" skipped="0">
  <testcase classname="database.myTestCase" name="addData" time="0.049"/>
  <system-out/>
  <testcase classname="database.myTestCase" name="updateData" time="0.005"/>
  <system-out/>
  <testcase classname="database.myTestCase" name="getData" time="7.682"/>
  <system-out/>
  <testcase classname="database.myTestCase" name="DeleteData" time="0.017"/>
  <system-out/>
</testsuite> <!-- database.myTestCase -->
